<?xml version="1.0" encoding="UTF-8"?>
<testsuite name="CI Certificate: WFJK v3 - iPad Mini 2"
           tests="4"
           failures="0"
           errors="0"
           skipped="0"
           time="339.574">
  <properties />
  
  
            <testcase name="test00_wf" time="36.860" classname="test.MainTestWF" />
                <testcase name="test22_wf" time="36.132" classname="test.MainTestWF" />
                <testcase name="testTearDown" time="234.257" classname="test.MainTestWF" />
                <testcase name="test11_wf" time="32.325" classname="test.MainTestWF" />
      
</testsuite>
