<?xml version="1.0" encoding="UTF-8"?>
<!-- Generated by org.testng.reporters.JUnitXMLReporter -->
<testsuite hostname="Dell-PC" name="CI Certificate: WF - Chrome" tests="5" failures="0" timestamp="5 Jun 2015 14:53:58 GMT" time="20.523" errors="0">
  <testcase name="changeNetwork" time="0.002" classname="test.MainTestWF"/>
  <testcase name="openHomepage" time="5.439" classname="test.MainTestWF"/>
  <testcase name="selectSignonOption" time="1.106" classname="test.MainTestWF"/>
  <testcase name="verifySignin" time="1.82" classname="test.MainTestWF"/>
  <testcase name="testTearDown" time="2.449" classname="test.MainTestWF"/>
</testsuite> <!-- CI Certificate: WF - Chrome -->
