<?xml version="1.0" encoding="UTF-8"?>
<!-- Generated by org.testng.reporters.JUnitXMLReporter -->
<testsuite hostname="Dell-PC" name="CI Certificate: WF - Android" tests="5" failures="0" timestamp="5 Jun 2015 14:55:06 GMT" time="68.361" errors="0">
  <testcase name="changeNetwork" time="0.003" classname="test.MainTestWF"/>
  <testcase name="openHomepage" time="8.512" classname="test.MainTestWF"/>
  <testcase name="selectSignonOption" time="8.371" classname="test.MainTestWF"/>
  <testcase name="verifySignin" time="5.255" classname="test.MainTestWF"/>
  <testcase name="testTearDown" time="28.564" classname="test.MainTestWF"/>
</testsuite> <!-- CI Certificate: WF - Android -->
