<?xml version="1.0" encoding="UTF-8"?>
<!-- Generated by org.testng.reporters.JUnitXMLReporter -->
<testsuite hostname="Dell-PC" name="CI Certificate: WF - Apple iOS" tests="5" failures="0" timestamp="5 Jun 2015 14:55:45 GMT" time="106.123" errors="0">
  <testcase name="changeNetwork" time="0.012" classname="test.MainTestWF"/>
  <testcase name="openHomepage" time="17.276" classname="test.MainTestWF"/>
  <testcase name="selectSignonOption" time="5.757" classname="test.MainTestWF"/>
  <testcase name="verifySignin" time="3.402" classname="test.MainTestWF"/>
  <testcase name="testTearDown" time="29.153" classname="test.MainTestWF"/>
</testsuite> <!-- CI Certificate: WF - Apple iOS -->
