<?xml version="1.0" encoding="UTF-8"?>
<!-- Generated by org.testng.reporters.JUnitXMLReporter -->
<testsuite hostname="Dell-PC" name="Sign up for home delivery - iPad Mini2" tests="5" failures="0" timestamp="3 Jun 2015 18:31:37 GMT" time="173.739" errors="0">
  <testcase name="openHomepage" time="19.62" classname="test.MainTest"/>
  <testcase name="enterZipCode" time="6.642" classname="test.MainTest"/>
  <testcase name="selectLength" time="13.417" classname="test.MainTest"/>
  <testcase name="enterDetails" time="22.828" classname="test.MainTest"/>
  <testcase name="testTearDown" time="76.549" classname="test.MainTest"/>
</testsuite> <!-- Sign up for home delivery - iPad Mini2 -->
