<?xml version="1.0" encoding="UTF-8"?>
<!-- Generated by org.testng.reporters.JUnitXMLReporter -->
<testsuite hostname="Dell-PC" name="Sign up for home delivery - Chrome" tests="5" failures="0" timestamp="5 Jun 2015 14:19:09 GMT" time="48.689" errors="0">
  <testcase name="changeNetwork" time="0.053" classname="test.MainTestWF"/>
  <testcase name="openHomepage" time="5.4" classname="test.MainTestWF"/>
  <testcase name="selectSignonOption" time="1.324" classname="test.MainTestWF"/>
  <testcase name="verifySignin" time="1.285" classname="test.MainTestWF"/>
  <testcase name="testTearDown" time="3.382" classname="test.MainTestWF"/>
</testsuite> <!-- Sign up for home delivery - Chrome -->
