<?xml version="1.0" encoding="UTF-8"?>
<!-- Generated by org.testng.reporters.JUnitXMLReporter -->
<testsuite hostname="Dell-PC" name="Sign up for home delivery - iPhone 6" tests="5" failures="0" timestamp="3 Jun 2015 17:58:38 GMT" time="161.224" errors="0">
  <testcase name="openHomepage" time="19.594" classname="test.MainTest"/>
  <testcase name="enterZipCode" time="5.701" classname="test.MainTest"/>
  <testcase name="selectLength" time="13.249" classname="test.MainTest"/>
  <testcase name="enterDetails" time="18.966" classname="test.MainTest"/>
  <testcase name="testTearDown" time="56.455" classname="test.MainTest"/>
</testsuite> <!-- Sign up for home delivery - iPhone 6 -->
