<?xml version="1.0" encoding="UTF-8"?>
<!-- Generated by org.testng.reporters.JUnitXMLReporter -->
<testsuite hostname="Dell-PC" name="Sign up for home delivery - Galaxy Tab2" tests="5" failures="0" timestamp="3 Jun 2015 18:28:43 GMT" time="137.532" errors="0">
  <testcase name="openHomepage" time="19.064" classname="test.MainTest"/>
  <testcase name="enterZipCode" time="9.008" classname="test.MainTest"/>
  <testcase name="selectLength" time="20.847" classname="test.MainTest"/>
  <testcase name="enterDetails" time="31.809" classname="test.MainTest"/>
  <testcase name="testTearDown" time="39.521" classname="test.MainTest"/>
</testsuite> <!-- Sign up for home delivery - Galaxy Tab2 -->
