<?xml version="1.0" encoding="UTF-8"?>
<!-- Generated by org.testng.reporters.JUnitXMLReporter -->
<testsuite hostname="Dell-PC" name="Sign up for home delivery - Galaxy S5" tests="5" failures="0" timestamp="5 Jun 2015 14:20:26 GMT" time="77.016" errors="0">
  <testcase name="changeNetwork" time="0.003" classname="test.MainTestWF"/>
  <testcase name="openHomepage" time="8.739" classname="test.MainTestWF"/>
  <testcase name="selectSignonOption" time="10.027" classname="test.MainTestWF"/>
  <testcase name="verifySignin" time="5.8" classname="test.MainTestWF"/>
  <testcase name="testTearDown" time="35.62" classname="test.MainTestWF"/>
</testsuite> <!-- Sign up for home delivery - Galaxy S5 -->
