<?xml version="1.0" encoding="UTF-8"?>
<!-- Generated by org.testng.reporters.JUnitXMLReporter -->
<testsuite hostname="Dell-PC" name="Default test" tests="4" failures="0" timestamp="28 May 2015 19:24:50 GMT" time="0.042" errors="0">
  <testcase name="testMethodFour" time="0.008" classname="test.RegularExpressionGroupTest"/>
  <testcase name="testMethodOne" time="0.001" classname="test.RegularExpressionGroupTest"/>
  <testcase name="testMethodThree" time="0.001" classname="test.RegularExpressionGroupTest"/>
  <testcase name="testMethodTwo" time="0.001" classname="test.RegularExpressionGroupTest"/>
</testsuite> <!-- Default test -->
