<?xml version="1.0" encoding="UTF-8"?>
<!-- Generated by org.testng.reporters.JUnitXMLReporter -->
<testsuite hostname="Dell-PC" name="CI Certificate: WFJK - Android" tests="5" failures="0" timestamp="24 Jun 2015 20:33:33 GMT" time="90.932" errors="0">
  <testcase name="changeNetwork" time="0.003" classname="test.MainTestWF"/>
  <testcase name="openHomepage" time="8.85" classname="test.MainTestWF"/>
  <testcase name="selectSignonOption" time="9.422" classname="test.MainTestWF"/>
  <testcase name="verifySignin" time="5.728" classname="test.MainTestWF"/>
  <testcase name="testTearDown" time="47.619" classname="test.MainTestWF"/>
</testsuite> <!-- CI Certificate: WFJK - Android -->
