<?xml version="1.0" encoding="UTF-8"?>
<!-- Generated by org.testng.reporters.JUnitXMLReporter -->
<testsuite hostname="Dell-PC" name="CI Certificate: WFJK - Chrome" tests="5" failures="0" timestamp="24 Jun 2015 20:32:20 GMT" time="17.924" errors="0">
  <testcase name="changeNetwork" time="0.025" classname="test.MainTestWF"/>
  <testcase name="openHomepage" time="5.387" classname="test.MainTestWF"/>
  <testcase name="selectSignonOption" time="0.459" classname="test.MainTestWF"/>
  <testcase name="verifySignin" time="1.274" classname="test.MainTestWF"/>
  <testcase name="testTearDown" time="2.444" classname="test.MainTestWF"/>
</testsuite> <!-- CI Certificate: WFJK - Chrome -->
