<?xml version="1.0" encoding="UTF-8"?>
<!-- Generated by org.testng.reporters.JUnitXMLReporter -->
<testsuite hostname="Dell-PC" name="CI Certificate: WFJK v3 - Android Galaxy Tab 2" tests="4" failures="0" timestamp="11 Jul 2015 01:37:42 GMT" time="150.738" errors="0">
  <testcase name="test00_wf" time="33.798" classname="test.MainTestWF"/>
  <testcase name="test11_wf" time="21.759" classname="test.MainTestWF"/>
  <testcase name="test22_wf" time="26.409" classname="test.MainTestWF"/>
  <testcase name="testTearDown" time="50.632" classname="test.MainTestWF"/>
</testsuite> <!-- CI Certificate: WFJK v3 - Android Galaxy Tab 2 -->
