<?xml version="1.0" encoding="UTF-8"?>
<!-- Generated by org.testng.reporters.JUnitXMLReporter -->
<testsuite hostname="Dell-PC" name="CI Certificate: WFJK v3 - Chrome" tests="4" failures="0" timestamp="11 Jul 2015 01:36:14 GMT" time="62.839" errors="0">
  <testcase name="test00_wf" time="24.532" classname="test.MainTestWF"/>
  <testcase name="test11_wf" time="14.994" classname="test.MainTestWF"/>
  <testcase name="test22_wf" time="11.932" classname="test.MainTestWF"/>
  <testcase name="testTearDown" time="2.731" classname="test.MainTestWF"/>
</testsuite> <!-- CI Certificate: WFJK v3 - Chrome -->
