<?xml version="1.0" encoding="UTF-8"?>
<!-- Generated by org.testng.reporters.JUnitXMLReporter -->
<testsuite hostname="Dell-PC" name="CI Certificate: WFJK v3 - Android HTC" tests="4" failures="0" timestamp="2 Jul 2015 13:18:00 GMT" time="245.082" errors="0">
  <testcase name="test00_wf" time="45.15" classname="test.MainTestWF"/>
  <testcase name="test11_wf" time="29.474" classname="test.MainTestWF"/>
  <testcase name="test22_wf" time="38.465" classname="test.MainTestWF"/>
  <testcase name="testTearDown" time="91.366" classname="test.MainTestWF"/>
</testsuite> <!-- CI Certificate: WFJK v3 - Android HTC -->
