<?xml version="1.0" encoding="UTF-8"?>
<!-- Generated by org.testng.reporters.JUnitXMLReporter -->
<testsuite hostname="Dell-PC" name="CI Certificate: WFJK v3 - Android Galaxy Note 4" tests="4" failures="0" timestamp="29 Jun 2015 19:47:56 GMT" time="302.137" errors="0">
  <testcase name="test00_wf" time="65.078" classname="test.MainTestWF"/>
  <testcase name="test11_wf" time="26.743" classname="test.MainTestWF"/>
  <testcase name="test22_wf" time="33.743" classname="test.MainTestWF"/>
  <testcase name="testTearDown" time="156.98" classname="test.MainTestWF"/>
</testsuite> <!-- CI Certificate: WFJK v3 - Android Galaxy Note 4 -->
