<?xml version="1.0" encoding="UTF-8"?>
<!-- Generated by org.testng.reporters.JUnitXMLReporter -->
<testsuite hostname="Dell-PC" name="CI Certificate: WFJK v3 - iPad Mini 2" tests="4" failures="0" timestamp="2 Jul 2015 13:20:29 GMT" time="393.309" errors="0">
  <testcase name="test00_wf" time="36.86" classname="test.MainTestWF"/>
  <testcase name="test11_wf" time="32.325" classname="test.MainTestWF"/>
  <testcase name="test22_wf" time="36.132" classname="test.MainTestWF"/>
  <testcase name="testTearDown" time="234.257" classname="test.MainTestWF"/>
</testsuite> <!-- CI Certificate: WFJK v3 - iPad Mini 2 -->
