<?xml version="1.0" encoding="UTF-8"?>
<!-- Generated by org.testng.reporters.JUnitXMLReporter -->
<testsuite hostname="Dell-PC" name="CI Certificate: WFJK v3 - Android Galaxy Tab 2" tests="4" failures="0" timestamp="2 Jul 2015 13:17:33 GMT" time="213.185" errors="0">
  <testcase name="test00_wf" time="33.506" classname="test.MainTestWF"/>
  <testcase name="test11_wf" time="31.96" classname="test.MainTestWF"/>
  <testcase name="test22_wf" time="33.04" classname="test.MainTestWF"/>
  <testcase name="testTearDown" time="75.909" classname="test.MainTestWF"/>
</testsuite> <!-- CI Certificate: WFJK v3 - Android Galaxy Tab 2 -->
