<?xml version="1.0" encoding="UTF-8"?>
<!-- Generated by org.testng.reporters.JUnitXMLReporter -->
<testsuite hostname="Dell-PC" name="CI Certificate: WFJK v3 - Android HTC" tests="4" failures="0" timestamp="11 Jul 2015 01:35:14 GMT" time="2.177" errors="0">
  <testcase name="@BeforeTest beforeTest" time="0.0" classname="test.MainTestWF">
    <failure type="org.openqa.selenium.WebDriverException" message="Failed to execute command handset open : device with ID HT34HW904064 is not connected
Command duration or timeout: 1.70 seconds
Build info: version: &amp;apos;2.45.0&amp;apos;, revision: &amp;apos;5017cb8&amp;apos;, time: &amp;apos;2015-02-26 23:59:50&amp;apos;
System info: host: &amp;apos;Dell-PC&amp;apos;, ip: &amp;apos;192.168.252.205&amp;apos;, os.name: &amp;apos;Windows 7&amp;apos;, os.arch: &amp;apos;amd64&amp;apos;, os.version: &amp;apos;6.1&amp;apos;, java.version: &amp;apos;1.8.0_31&amp;apos;
Driver info: org.openqa.selenium.remote.RemoteWebDriver">
      <![CDATA[org.openqa.selenium.WebDriverException: Failed to execute command handset open : device with ID HT34HW904064 is not connected
Command duration or timeout: 1.70 seconds
Build info: version: '2.45.0', revision: '5017cb8', time: '2015-02-26 23:59:50'
System info: host: 'Dell-PC', ip: '192.168.252.205', os.name: 'Windows 7', os.arch: 'amd64', os.version: '6.1', java.version: '1.8.0_31'
Driver info: org.openqa.selenium.remote.RemoteWebDriver
	at org.openqa.selenium.remote.ErrorHandler.createThrowable(ErrorHandler.java:204)
	at org.openqa.selenium.remote.ErrorHandler.throwIfResponseFailed(ErrorHandler.java:156)
	at org.openqa.selenium.remote.RemoteWebDriver.execute(RemoteWebDriver.java:599)
	at org.openqa.selenium.remote.RemoteWebDriver.startSession(RemoteWebDriver.java:240)
	at org.openqa.selenium.remote.RemoteWebDriver.<init>(RemoteWebDriver.java:126)
	at org.openqa.selenium.remote.RemoteWebDriver.<init>(RemoteWebDriver.java:153)
	at test.MainTestWF.beforeTest(MainTestWF.java:169)
	at java.util.concurrent.FutureTask.run(Unknown Source)
	at java.util.concurrent.ThreadPoolExecutor.runWorker(Unknown Source)
	at java.util.concurrent.ThreadPoolExecutor$Worker.run(Unknown Source)
	at java.lang.Thread.run(Unknown Source)
Caused by: org.openqa.selenium.WebDriverException: Failed to execute command handset open : device with ID HT34HW904064 is not connected
Build info: version: '2.45.0', revision: '5017cb8', time: '2015-02-26 23:59:50'
System info: host: 'Dell-PC', ip: '192.168.252.205', os.name: 'Windows 7', os.arch: 'amd64', os.version: '6.1', java.version: '1.8.0_31'
Driver info: driver.version: PerfectoMobileDriver
	at com.perfectomobile.selenium.MobileEntity.processCommonResponse(MobileEntity.java:95)
	at com.perfectomobile.selenium.MobileDevice.processResponse(MobileDevice.java:556)
	at com.perfectomobile.selenium.MobileEntity.executeCommand(MobileEntity.java:60)
	at com.perfectomobile.selenium.MobileEntity.executeCommand(MobileEntity.java:52)
	at com.perfectomobile.selenium.MobileDevice.open(MobileDevice.java:114)
	at com.perfectomobile.selenium.MobileDevice.open(MobileDevice.java:106)
	at com.perfectomobile.selenium.server.PerfectoMobileDriver.<init>(PerfectoMobileDriver.java:133)
	at org.openqa.selenium.remote.server.DefaultDriverProvider.callConstructor(DefaultDriverProvider.java:85)
	at org.openqa.selenium.remote.server.DefaultDriverProvider.newInstance(DefaultDriverProvider.java:79)
	at org.openqa.selenium.remote.server.DefaultDriverFactory.newInstance(DefaultDriverFactory.java:62)
	at org.openqa.selenium.remote.server.DefaultSession$BrowserCreator.call(DefaultSession.java:222)
	at org.openqa.selenium.remote.server.DefaultSession$BrowserCreator.call(DefaultSession.java:209)
	at java.util.concurrent.FutureTask.run(FutureTask.java:262)
	at org.openqa.selenium.remote.server.DefaultSession$1.run(DefaultSession.java:176)
	at java.util.concurrent.ThreadPoolExecutor.runWorker(ThreadPoolExecutor.java:1145)
	at java.util.concurrent.ThreadPoolExecutor$Worker.run(ThreadPoolExecutor.java:615)
	at java.lang.Thread.run(Thread.java:744)
... Removed 22 stack frames]]>
    </failure>
  </testcase> <!-- @BeforeTest beforeTest -->
  <testcase name="@BeforeClass setUpBeforeClass" time="0.0" classname="test.MainTestWF">
    <skipped/>
  </testcase> <!-- @BeforeClass setUpBeforeClass -->
  <testcase name="@BeforeMethod setUp" time="0.0" classname="test.MainTestWF">
    <skipped/>
  </testcase> <!-- @BeforeMethod setUp -->
  <testcase name="@AfterMethod tearDown" time="0.0" classname="test.MainTestWF">
    <skipped/>
  </testcase> <!-- @AfterMethod tearDown -->
  <testcase name="@BeforeMethod setUp" time="0.0" classname="test.MainTestWF">
    <skipped/>
  </testcase> <!-- @BeforeMethod setUp -->
  <testcase name="@AfterMethod tearDown" time="0.0" classname="test.MainTestWF">
    <skipped/>
  </testcase> <!-- @AfterMethod tearDown -->
  <testcase name="@BeforeMethod setUp" time="0.0" classname="test.MainTestWF">
    <skipped/>
  </testcase> <!-- @BeforeMethod setUp -->
  <testcase name="@AfterMethod tearDown" time="0.0" classname="test.MainTestWF">
    <skipped/>
  </testcase> <!-- @AfterMethod tearDown -->
  <testcase name="@BeforeMethod setUp" time="0.0" classname="test.MainTestWF">
    <skipped/>
  </testcase> <!-- @BeforeMethod setUp -->
  <testcase name="@AfterMethod tearDown" time="0.0" classname="test.MainTestWF">
    <skipped/>
  </testcase> <!-- @AfterMethod tearDown -->
  <testcase name="@AfterClass tearDownAfterClass" time="0.0" classname="test.MainTestWF">
    <skipped/>
  </testcase> <!-- @AfterClass tearDownAfterClass -->
  <testcase name="@AfterTest closeWebDriver" time="0.0" classname="test.MainTestWF">
    <skipped/>
  </testcase> <!-- @AfterTest closeWebDriver -->
  <testcase name="test00_wf" time="0.002" classname="test.MainTestWF">
    <skipped/>
  </testcase> <!-- test00_wf -->
  <testcase name="test11_wf" time="0.001" classname="test.MainTestWF">
    <skipped/>
  </testcase> <!-- test11_wf -->
  <testcase name="test22_wf" time="0.001" classname="test.MainTestWF">
    <skipped/>
  </testcase> <!-- test22_wf -->
  <testcase name="testTearDown" time="0.001" classname="test.MainTestWF">
    <skipped/>
  </testcase> <!-- testTearDown -->
</testsuite> <!-- CI Certificate: WFJK v3 - Android HTC -->
