<?xml version="1.0" encoding="UTF-8"?>
<!-- Generated by org.testng.reporters.JUnitXMLReporter -->
<testsuite hostname="Dell-PC" name="CI Certificate: WFJK v3 - Chrome" tests="4" failures="0" timestamp="2 Jul 2015 00:40:40 GMT" time="62.018" errors="0">
  <testcase name="test00_wf" time="24.918" classname="test.MainTestWF"/>
  <testcase name="test11_wf" time="14.21" classname="test.MainTestWF"/>
  <testcase name="test22_wf" time="12.305" classname="test.MainTestWF"/>
  <testcase name="testTearDown" time="2.409" classname="test.MainTestWF"/>
</testsuite> <!-- CI Certificate: WFJK v3 - Chrome -->
