<?xml version="1.0" encoding="UTF-8"?>
<!-- Generated by org.testng.reporters.JUnitXMLReporter -->
<testsuite hostname="Dell-PC" name="CI Certificate: WFJK v3 - iOS 5S" tests="3" failures="2" timestamp="2 Jul 2015 13:10:20 GMT" time="107.188" errors="0">
  <testcase name="test00_wf" time="12.752" classname="test.MainTestWF">
    <failure type="org.openqa.selenium.NoSuchElementException" message="Element with by xpath &amp;apos;//input[@id=&amp;apos;userId&amp;apos;]&amp;apos; wasn&amp;apos;t found.
For documentation on this error, please visit: http://seleniumhq.org/exceptions/no_such_element.html
Build info: version: &amp;apos;2.45.0&amp;apos;, revision: &amp;apos;5017cb8e7ca8e37638dc3091b2440b90a1d8686f&amp;apos;, time: &amp;apos;2015-02-27 09:10:26&amp;apos;
System info: host: &amp;apos;PARTNERS-MCM&amp;apos;, ip: &amp;apos;1.1.53.10&amp;apos;, os.name: &amp;apos;Windows Server 2008 R2&amp;apos;, os.arch: &amp;apos;amd64&amp;apos;, os.version: &amp;apos;6.1&amp;apos;, java.version: &amp;apos;1.7.0_51&amp;apos;
Driver info: driver.version: EventFiringWebDriver
Command duration or timeout: 1.07 seconds
For documentation on this error, please visit: http://seleniumhq.org/exceptions/no_such_element.html
Build info: version: &amp;apos;2.45.0&amp;apos;, revision: &amp;apos;5017cb8&amp;apos;, time: &amp;apos;2015-02-26 23:59:50&amp;apos;
System info: host: &amp;apos;Dell-PC&amp;apos;, ip: &amp;apos;192.168.0.16&amp;apos;, os.name: &amp;apos;Windows 7&amp;apos;, os.arch: &amp;apos;amd64&amp;apos;, os.version: &amp;apos;6.1&amp;apos;, java.version: &amp;apos;1.8.0_31&amp;apos;
Driver info: org.openqa.selenium.remote.RemoteWebDriver
Capabilities [{rotatable=true, deviceName=0E6FBDEEF6C5EECEF71F66904FC4EFDA3F803682, platform=ANY, executionId=eugene.yu@ymcsolutions.com_PerfectoMobileDriver_15-07-02_13_08_37_5192, password=ymcDemo321!, webdriver.remote.sessionid=eac2e8a9-0230-42cf-bdff-3a31a5785ed3, host=partners.perfectomobile.com, locationContextEnabled=true, browserName=mobileSafari, takesScreenshot=true, javascriptEnabled=true, reportKey=PRIVATE:PerfectoMobileDriver/PerfectoMobileDriver_15-07-02_13_08_37_5192.xml, platformName=iOS, user=eugene.yu@ymcsolutions.com, cssSelectorsEnabled=true}]
Session ID: eac2e8a9-0230-42cf-bdff-3a31a5785ed3
*** Element info: {Using=xpath, value=//input[@id=&amp;apos;userId&amp;apos;]}">
      <![CDATA[org.openqa.selenium.NoSuchElementException: Element with by xpath '//input[@id='userId']' wasn't found.
For documentation on this error, please visit: http://seleniumhq.org/exceptions/no_such_element.html
Build info: version: '2.45.0', revision: '5017cb8e7ca8e37638dc3091b2440b90a1d8686f', time: '2015-02-27 09:10:26'
System info: host: 'PARTNERS-MCM', ip: '1.1.53.10', os.name: 'Windows Server 2008 R2', os.arch: 'amd64', os.version: '6.1', java.version: '1.7.0_51'
Driver info: driver.version: EventFiringWebDriver
Command duration or timeout: 1.07 seconds
For documentation on this error, please visit: http://seleniumhq.org/exceptions/no_such_element.html
Build info: version: '2.45.0', revision: '5017cb8', time: '2015-02-26 23:59:50'
System info: host: 'Dell-PC', ip: '192.168.0.16', os.name: 'Windows 7', os.arch: 'amd64', os.version: '6.1', java.version: '1.8.0_31'
Driver info: org.openqa.selenium.remote.RemoteWebDriver
Capabilities [{rotatable=true, deviceName=0E6FBDEEF6C5EECEF71F66904FC4EFDA3F803682, platform=ANY, executionId=eugene.yu@ymcsolutions.com_PerfectoMobileDriver_15-07-02_13_08_37_5192, password=ymcDemo321!, webdriver.remote.sessionid=eac2e8a9-0230-42cf-bdff-3a31a5785ed3, host=partners.perfectomobile.com, locationContextEnabled=true, browserName=mobileSafari, takesScreenshot=true, javascriptEnabled=true, reportKey=PRIVATE:PerfectoMobileDriver/PerfectoMobileDriver_15-07-02_13_08_37_5192.xml, platformName=iOS, user=eugene.yu@ymcsolutions.com, cssSelectorsEnabled=true}]
Session ID: eac2e8a9-0230-42cf-bdff-3a31a5785ed3
*** Element info: {Using=xpath, value=//input[@id='userId']}
	at org.openqa.selenium.remote.ErrorHandler.createThrowable(ErrorHandler.java:204)
	at org.openqa.selenium.remote.ErrorHandler.throwIfResponseFailed(ErrorHandler.java:156)
	at org.openqa.selenium.remote.RemoteWebDriver.execute(RemoteWebDriver.java:599)
	at org.openqa.selenium.remote.RemoteWebDriver.findElement(RemoteWebDriver.java:352)
	at org.openqa.selenium.remote.RemoteWebDriver.findElementByXPath(RemoteWebDriver.java:449)
	at org.openqa.selenium.By$ByXPath.findElement(By.java:357)
	at org.openqa.selenium.remote.RemoteWebDriver.findElement(RemoteWebDriver.java:344)
	at test.Pages.Page00.wf_loginPageMobile(Page00.java:65)
	at test.MainTestWF.test00_wf(MainTestWF.java:189)
	at java.util.concurrent.FutureTask.run(Unknown Source)
	at java.util.concurrent.ThreadPoolExecutor.runWorker(Unknown Source)
	at java.util.concurrent.ThreadPoolExecutor$Worker.run(Unknown Source)
	at java.lang.Thread.run(Unknown Source)
Caused by: org.openqa.selenium.remote.ScreenshotException: Screen shot has been taken
Build info: version: '2.45.0', revision: '5017cb8', time: '2015-02-26 23:59:50'
System info: host: 'Dell-PC', ip: '192.168.0.16', os.name: 'Windows 7', os.arch: 'amd64', os.version: '6.1', java.version: '1.8.0_31'
Driver info: driver.version: RemoteWebDriver
	at org.openqa.selenium.remote.ErrorHandler.throwIfResponseFailed(ErrorHandler.java:136)
	... 27 more
Caused by: org.openqa.selenium.NoSuchElementException: Element with by xpath '//input[@id='userId']' wasn't found.
For documentation on this error, please visit: http://seleniumhq.org/exceptions/no_such_element.html
Build info: version: '2.45.0', revision: '5017cb8e7ca8e37638dc3091b2440b90a1d8686f', time: '2015-02-27 09:10:26'
System info: host: 'PARTNERS-MCM', ip: '1.1.53.10', os.name: 'Windows Server 2008 R2', os.arch: 'amd64', os.version: '6.1', java.version: '1.7.0_51'
Driver info: driver.version: EventFiringWebDriver
For documentation on this error, please visit: http://seleniumhq.org/exceptions/no_such_element.html
Build info: version: '2.45.0', revision: '5017cb8', time: '2015-02-26 23:59:50'
System info: host: 'Dell-PC', ip: '192.168.0.16', os.name: 'Windows 7', os.arch: 'amd64', os.version: '6.1', java.version: '1.8.0_31'
Driver info: driver.version: EventFiringWebDriver
	at com.perfectomobile.selenium.MobileApplication.getSingleElement(MobileApplication.java:308)
	at com.perfectomobile.selenium.MobileApplication.findElementByXPath(MobileApplication.java:198)
	at org.openqa.selenium.By$ByXPath.findElement(By.java:357)
	at com.perfectomobile.selenium.MobileApplication.findElement(MobileApplication.java:137)
	at com.perfectomobile.selenium.server.PerfectoMobileDriver.findElement(PerfectoMobileDriver.java:617)
	at org.openqa.selenium.support.events.EventFiringWebDriver$2.invoke(EventFiringWebDriver.java:101)
	at com.sun.proxy.$Proxy230.findElement(Unknown Source)
	at org.openqa.selenium.support.events.EventFiringWebDriver.findElement(EventFiringWebDriver.java:184)
	at org.openqa.selenium.remote.server.handler.FindElement.call(FindElement.java:47)
	at org.openqa.selenium.remote.server.handler.FindElement.call(FindElement.java:32)
	at java.util.concurrent.FutureTask.run(FutureTask.java:262)
	at org.openqa.selenium.remote.server.DefaultSession$1.run(DefaultSession.java:168)
	at java.util.concurrent.ThreadPoolExecutor.runWorker(ThreadPoolExecutor.java:1145)
	at java.util.concurrent.ThreadPoolExecutor$Worker.run(ThreadPoolExecutor.java:615)
	at java.lang.Thread.run(Thread.java:744)
... Removed 23 stack frames]]>
    </failure>
  </testcase> <!-- test00_wf -->
  <testcase name="test22_wf" time="12.874" classname="test.MainTestWF">
    <failure type="org.openqa.selenium.NoSuchElementException" message="Element with by xpath &amp;apos;//button[@id=&amp;apos;toggle-menu&amp;apos;]&amp;apos; wasn&amp;apos;t found.
For documentation on this error, please visit: http://seleniumhq.org/exceptions/no_such_element.html
Build info: version: &amp;apos;2.45.0&amp;apos;, revision: &amp;apos;5017cb8e7ca8e37638dc3091b2440b90a1d8686f&amp;apos;, time: &amp;apos;2015-02-27 09:10:26&amp;apos;
System info: host: &amp;apos;PARTNERS-MCM&amp;apos;, ip: &amp;apos;1.1.53.10&amp;apos;, os.name: &amp;apos;Windows Server 2008 R2&amp;apos;, os.arch: &amp;apos;amd64&amp;apos;, os.version: &amp;apos;6.1&amp;apos;, java.version: &amp;apos;1.7.0_51&amp;apos;
Driver info: driver.version: EventFiringWebDriver
Command duration or timeout: 1.15 seconds
For documentation on this error, please visit: http://seleniumhq.org/exceptions/no_such_element.html
Build info: version: &amp;apos;2.45.0&amp;apos;, revision: &amp;apos;5017cb8&amp;apos;, time: &amp;apos;2015-02-26 23:59:50&amp;apos;
System info: host: &amp;apos;Dell-PC&amp;apos;, ip: &amp;apos;192.168.0.16&amp;apos;, os.name: &amp;apos;Windows 7&amp;apos;, os.arch: &amp;apos;amd64&amp;apos;, os.version: &amp;apos;6.1&amp;apos;, java.version: &amp;apos;1.8.0_31&amp;apos;
Driver info: org.openqa.selenium.remote.RemoteWebDriver
Capabilities [{rotatable=true, deviceName=0E6FBDEEF6C5EECEF71F66904FC4EFDA3F803682, platform=ANY, executionId=eugene.yu@ymcsolutions.com_PerfectoMobileDriver_15-07-02_13_08_37_5192, password=ymcDemo321!, webdriver.remote.sessionid=eac2e8a9-0230-42cf-bdff-3a31a5785ed3, host=partners.perfectomobile.com, locationContextEnabled=true, browserName=mobileSafari, takesScreenshot=true, javascriptEnabled=true, reportKey=PRIVATE:PerfectoMobileDriver/PerfectoMobileDriver_15-07-02_13_08_37_5192.xml, platformName=iOS, user=eugene.yu@ymcsolutions.com, cssSelectorsEnabled=true}]
Session ID: eac2e8a9-0230-42cf-bdff-3a31a5785ed3
*** Element info: {Using=xpath, value=//button[@id=&amp;apos;toggle-menu&amp;apos;]}">
      <![CDATA[org.openqa.selenium.NoSuchElementException: Element with by xpath '//button[@id='toggle-menu']' wasn't found.
For documentation on this error, please visit: http://seleniumhq.org/exceptions/no_such_element.html
Build info: version: '2.45.0', revision: '5017cb8e7ca8e37638dc3091b2440b90a1d8686f', time: '2015-02-27 09:10:26'
System info: host: 'PARTNERS-MCM', ip: '1.1.53.10', os.name: 'Windows Server 2008 R2', os.arch: 'amd64', os.version: '6.1', java.version: '1.7.0_51'
Driver info: driver.version: EventFiringWebDriver
Command duration or timeout: 1.15 seconds
For documentation on this error, please visit: http://seleniumhq.org/exceptions/no_such_element.html
Build info: version: '2.45.0', revision: '5017cb8', time: '2015-02-26 23:59:50'
System info: host: 'Dell-PC', ip: '192.168.0.16', os.name: 'Windows 7', os.arch: 'amd64', os.version: '6.1', java.version: '1.8.0_31'
Driver info: org.openqa.selenium.remote.RemoteWebDriver
Capabilities [{rotatable=true, deviceName=0E6FBDEEF6C5EECEF71F66904FC4EFDA3F803682, platform=ANY, executionId=eugene.yu@ymcsolutions.com_PerfectoMobileDriver_15-07-02_13_08_37_5192, password=ymcDemo321!, webdriver.remote.sessionid=eac2e8a9-0230-42cf-bdff-3a31a5785ed3, host=partners.perfectomobile.com, locationContextEnabled=true, browserName=mobileSafari, takesScreenshot=true, javascriptEnabled=true, reportKey=PRIVATE:PerfectoMobileDriver/PerfectoMobileDriver_15-07-02_13_08_37_5192.xml, platformName=iOS, user=eugene.yu@ymcsolutions.com, cssSelectorsEnabled=true}]
Session ID: eac2e8a9-0230-42cf-bdff-3a31a5785ed3
*** Element info: {Using=xpath, value=//button[@id='toggle-menu']}
	at org.openqa.selenium.remote.ErrorHandler.createThrowable(ErrorHandler.java:204)
	at org.openqa.selenium.remote.ErrorHandler.throwIfResponseFailed(ErrorHandler.java:156)
	at org.openqa.selenium.remote.RemoteWebDriver.execute(RemoteWebDriver.java:599)
	at org.openqa.selenium.remote.RemoteWebDriver.findElement(RemoteWebDriver.java:352)
	at org.openqa.selenium.remote.RemoteWebDriver.findElementByXPath(RemoteWebDriver.java:449)
	at org.openqa.selenium.By$ByXPath.findElement(By.java:357)
	at org.openqa.selenium.remote.RemoteWebDriver.findElement(RemoteWebDriver.java:344)
	at test.Pages.Page22.wf_testSiteMenuMobile(Page22.java:72)
	at test.MainTestWF.test22_wf(MainTestWF.java:211)
	at java.util.concurrent.FutureTask.run(Unknown Source)
	at java.util.concurrent.ThreadPoolExecutor.runWorker(Unknown Source)
	at java.util.concurrent.ThreadPoolExecutor$Worker.run(Unknown Source)
	at java.lang.Thread.run(Unknown Source)
Caused by: org.openqa.selenium.remote.ScreenshotException: Screen shot has been taken
Build info: version: '2.45.0', revision: '5017cb8', time: '2015-02-26 23:59:50'
System info: host: 'Dell-PC', ip: '192.168.0.16', os.name: 'Windows 7', os.arch: 'amd64', os.version: '6.1', java.version: '1.8.0_31'
Driver info: driver.version: RemoteWebDriver
	at org.openqa.selenium.remote.ErrorHandler.throwIfResponseFailed(ErrorHandler.java:136)
	... 27 more
Caused by: org.openqa.selenium.NoSuchElementException: Element with by xpath '//button[@id='toggle-menu']' wasn't found.
For documentation on this error, please visit: http://seleniumhq.org/exceptions/no_such_element.html
Build info: version: '2.45.0', revision: '5017cb8e7ca8e37638dc3091b2440b90a1d8686f', time: '2015-02-27 09:10:26'
System info: host: 'PARTNERS-MCM', ip: '1.1.53.10', os.name: 'Windows Server 2008 R2', os.arch: 'amd64', os.version: '6.1', java.version: '1.7.0_51'
Driver info: driver.version: EventFiringWebDriver
For documentation on this error, please visit: http://seleniumhq.org/exceptions/no_such_element.html
Build info: version: '2.45.0', revision: '5017cb8', time: '2015-02-26 23:59:50'
System info: host: 'Dell-PC', ip: '192.168.0.16', os.name: 'Windows 7', os.arch: 'amd64', os.version: '6.1', java.version: '1.8.0_31'
Driver info: driver.version: EventFiringWebDriver
	at com.perfectomobile.selenium.MobileApplication.getSingleElement(MobileApplication.java:308)
	at com.perfectomobile.selenium.MobileApplication.findElementByXPath(MobileApplication.java:198)
	at org.openqa.selenium.By$ByXPath.findElement(By.java:357)
	at com.perfectomobile.selenium.MobileApplication.findElement(MobileApplication.java:137)
	at com.perfectomobile.selenium.server.PerfectoMobileDriver.findElement(PerfectoMobileDriver.java:617)
	at org.openqa.selenium.support.events.EventFiringWebDriver$2.invoke(EventFiringWebDriver.java:101)
	at com.sun.proxy.$Proxy230.findElement(Unknown Source)
	at org.openqa.selenium.support.events.EventFiringWebDriver.findElement(EventFiringWebDriver.java:184)
	at org.openqa.selenium.remote.server.handler.FindElement.call(FindElement.java:47)
	at org.openqa.selenium.remote.server.handler.FindElement.call(FindElement.java:32)
	at java.util.concurrent.FutureTask.run(FutureTask.java:262)
	at org.openqa.selenium.remote.server.DefaultSession$1.run(DefaultSession.java:168)
	at java.util.concurrent.ThreadPoolExecutor.runWorker(ThreadPoolExecutor.java:1145)
	at java.util.concurrent.ThreadPoolExecutor$Worker.run(ThreadPoolExecutor.java:615)
	at java.lang.Thread.run(Thread.java:744)
... Removed 23 stack frames]]>
    </failure>
  </testcase> <!-- test22_wf -->
  <testcase name="testTearDown" time="42.296" classname="test.MainTestWF"/>
</testsuite> <!-- CI Certificate: WFJK v3 - iOS 5S -->
