<?xml version="1.0" encoding="UTF-8"?>
<!-- Generated by org.testng.reporters.JUnitXMLReporter -->
<testsuite hostname="Dell-PC" name="CI Certificate: WFJK v3 - Android" tests="6" failures="0" timestamp="25 Jun 2015 19:55:26 GMT" time="41.504" errors="0">
  <testcase name="wf_startPage" time="3.983" classname="test.MainTestWF"/>
  <testcase name="wf_testLogin" time="0.0" classname="test.MainTestWF"/>
  <testcase name="wf_testStudentLoan" time="0.001" classname="test.MainTestWF"/>
  <testcase name="wf_testSideMenu" time="0.0" classname="test.MainTestWF"/>
  <testcase name="wf_cleanupPage" time="0.001" classname="test.MainTestWF"/>
  <testcase name="testTearDown" time="19.121" classname="test.MainTestWF"/>
</testsuite> <!-- CI Certificate: WFJK v3 - Android -->
