<?xml version="1.0" encoding="UTF-8"?>
<!-- Generated by org.testng.reporters.JUnitReportReporter -->
<testsuite hostname="Dell-PC" name="test.MainTest" tests="6" failures="0" timestamp="3 Jun 2015 20:39:33 GMT" time="13.594" errors="0">
  <testcase name="openHomepage" time="6.273" classname="test.MainTest"/>
  <testcase name="changeNetwork" time="0.020" classname="test.MainTest"/>
  <testcase name="enterZipCode" time="3.316" classname="test.MainTest"/>
  <testcase name="testTearDown" time="1.815" classname="test.MainTest"/>
  <testcase name="selectLength" time="0.648" classname="test.MainTest"/>
  <testcase name="enterDetails" time="1.522" classname="test.MainTest"/>
</testsuite> <!-- test.MainTest -->
