<?xml version="1.0" encoding="UTF-8"?>
<!-- Generated by org.testng.reporters.JUnitReportReporter -->
<testsuite hostname="Dell-PC" name="test.MyFirstTestNG" tests="4" failures="0" timestamp="28 May 2015 19:21:47 GMT" time="0.008" errors="0">
  <testcase name="testMethodThree" time="0.001" classname="test.MyFirstTestNG"/>
  <testcase name="testMethodFour" time="0.006" classname="test.MyFirstTestNG"/>
  <testcase name="testMethodOne" time="0.000" classname="test.MyFirstTestNG"/>
  <testcase name="testMethodTwo" time="0.001" classname="test.MyFirstTestNG"/>
</testsuite> <!-- test.MyFirstTestNG -->
