<?xml version="1.0" encoding="UTF-8"?>
<testsuite name="Test Galaxy 4G"
           tests="2"
           failures="2"
           errors="0"
           skipped="0"
           time="21.024">
  <properties />
            <testcase name="cleanUpCart" time="1.351" classname="AmazonTesting.AmazonTestSystem">
                <failure type="org.openqa.selenium.WebDriverException"
                  message="Failed to execute command handset select : No device was found
Command duration or timeout: 1.34 seconds
Build info: version: &apos;2.44.0&apos;, revision: &apos;76d78cf323ce037c5f92db6c1bba601c2ac43ad8&apos;, time: &apos;2014-10-23 13:11:40&apos;
System info: host: &apos;Dell-PC&apos;, ip: &apos;192.168.252.93&apos;, os.name: &apos;Windows 7&apos;, os.arch: &apos;amd64&apos;, os.version: &apos;6.1&apos;, java.version: &apos;1.8.0_31&apos;
Driver info: org.openqa.selenium.remote.RemoteWebDriver"
              >
<![CDATA[org.openqa.selenium.WebDriverException: Failed to execute command handset select : No device was found
Command duration or timeout: 1.34 seconds
Build info: version: '2.44.0', revision: '76d78cf323ce037c5f92db6c1bba601c2ac43ad8', time: '2014-10-23 13:11:40'
System info: host: 'Dell-PC', ip: '192.168.252.93', os.name: 'Windows 7', os.arch: 'amd64', os.version: '6.1', java.version: '1.8.0_31'
Driver info: org.openqa.selenium.remote.RemoteWebDriver
  sun.reflect.NativeConstructorAccessorImpl.newInstance0(Native Method)
  sun.reflect.NativeConstructorAccessorImpl.newInstance(NativeConstructorAccessorImpl.java:62)
  sun.reflect.DelegatingConstructorAccessorImpl.newInstance(DelegatingConstructorAccessorImpl.java:45)
  java.lang.reflect.Constructor.newInstance(Constructor.java:408)
  org.openqa.selenium.remote.ErrorHandler.createThrowable(ErrorHandler.java:204)
  org.openqa.selenium.remote.ErrorHandler.throwIfResponseFailed(ErrorHandler.java:156)
  org.openqa.selenium.remote.RemoteWebDriver.execute(RemoteWebDriver.java:599)
  org.openqa.selenium.remote.RemoteWebDriver.startSession(RemoteWebDriver.java:240)
  org.openqa.selenium.remote.RemoteWebDriver.<init>(RemoteWebDriver.java:126)
  org.openqa.selenium.remote.RemoteWebDriver.<init>(RemoteWebDriver.java:153)
  utilities.testSetup.driverAndLibrarySetup(testSetup.java:115)
  AmazonTesting.AmazonTestSystem.cleanUpCart(AmazonTestSystem.java:108)
  sun.reflect.NativeMethodAccessorImpl.invoke0(Native Method)
  sun.reflect.NativeMethodAccessorImpl.invoke(NativeMethodAccessorImpl.java:62)
  sun.reflect.DelegatingMethodAccessorImpl.invoke(DelegatingMethodAccessorImpl.java:43)
  java.lang.reflect.Method.invoke(Method.java:483)
  org.testng.internal.MethodInvocationHelper.invokeMethod(MethodInvocationHelper.java:84)
  org.testng.internal.Invoker.invokeMethod(Invoker.java:714)
  org.testng.internal.Invoker.invokeTestMethod(Invoker.java:901)
  org.testng.internal.Invoker.invokeTestMethods(Invoker.java:1231)
  org.testng.internal.TestMethodWorker.invokeTestMethods(TestMethodWorker.java:127)
  org.testng.internal.TestMethodWorker.run(TestMethodWorker.java:111)
  org.testng.TestRunner.privateRun(TestRunner.java:767)
  org.testng.TestRunner.run(TestRunner.java:617)
  org.testng.SuiteRunner.runTest(SuiteRunner.java:348)
  org.testng.SuiteRunner.access$000(SuiteRunner.java:38)
  org.testng.SuiteRunner$SuiteWorker.run(SuiteRunner.java:382)
  org.testng.internal.thread.ThreadUtil$2.call(ThreadUtil.java:64)
  java.util.concurrent.FutureTask.run(FutureTask.java:266)
  java.util.concurrent.ThreadPoolExecutor.runWorker(ThreadPoolExecutor.java:1142)
  java.util.concurrent.ThreadPoolExecutor$Worker.run(ThreadPoolExecutor.java:617)
  java.lang.Thread.run(Thread.java:745)
Caused by: com.perfectomobile.httpclient.HttpClientException: Failed to execute command handset select : No device was found
  com.perfectomobile.selenium.MobileEntity.processCommonResponse(MobileEntity.java:95)
  com.perfectomobile.selenium.MobileDriver.processResponse(MobileDriver.java:489)
  com.perfectomobile.selenium.MobileEntity.executeCommand(MobileEntity.java:60)
  com.perfectomobile.selenium.MobileEntity.executeCommand(MobileEntity.java:52)
  com.perfectomobile.selenium.MobileDriver.findDevices(MobileDriver.java:317)
  com.perfectomobile.selenium.MobileDriver.findDevice(MobileDriver.java:295)
  com.perfectomobile.selenium.server.PerfectoMobileDriver.findDevice(PerfectoMobileDriver.java:243)
  com.perfectomobile.selenium.server.PerfectoMobileDriver.<init>(PerfectoMobileDriver.java:119)
  sun.reflect.NativeConstructorAccessorImpl.newInstance0(Native Method)
  sun.reflect.NativeConstructorAccessorImpl.newInstance(NativeConstructorAccessorImpl.java:57)
  sun.reflect.DelegatingConstructorAccessorImpl.newInstance(DelegatingConstructorAccessorImpl.java:45)
  java.lang.reflect.Constructor.newInstance(Constructor.java:526)
  org.openqa.selenium.remote.server.DefaultDriverProvider.callConstructor(DefaultDriverProvider.java:59)
  org.openqa.selenium.remote.server.DefaultDriverProvider.newInstance(DefaultDriverProvider.java:53)
  org.openqa.selenium.remote.server.DefaultDriverFactory.newInstance(DefaultDriverFactory.java:54)
  org.openqa.selenium.remote.server.DefaultSession$BrowserCreator.call(DefaultSession.java:214)
  org.openqa.selenium.remote.server.DefaultSession$BrowserCreator.call(DefaultSession.java:201)
  java.util.concurrent.FutureTask.run(FutureTask.java:262)
  org.openqa.selenium.remote.server.DefaultSession$1.run(DefaultSession.java:168)
  java.util.concurrent.ThreadPoolExecutor.runWorker(ThreadPoolExecutor.java:1145)
  java.util.concurrent.ThreadPoolExecutor$Worker.run(ThreadPoolExecutor.java:615)
  java.lang.Thread.run(Thread.java:744)
]]>
      </failure>

          </testcase>
            <testcase name="OrderBook" time="19.673" classname="AmazonTesting.AmazonTestSystem">
                <failure type="org.openqa.selenium.WebDriverException"
                  message="Failed to execute command vnetwork start : Failed to start virtual network _emulation
Command duration or timeout: 646 milliseconds
Build info: version: &apos;2.44.0&apos;, revision: &apos;76d78cf323ce037c5f92db6c1bba601c2ac43ad8&apos;, time: &apos;2014-10-23 13:11:40&apos;
System info: host: &apos;Dell-PC&apos;, ip: &apos;192.168.252.93&apos;, os.name: &apos;Windows 7&apos;, os.arch: &apos;amd64&apos;, os.version: &apos;6.1&apos;, java.version: &apos;1.8.0_31&apos;
Driver info: org.openqa.selenium.remote.RemoteWebDriver
Capabilities [{rotatable=true, deviceName=61944835, platform=ANY, executionId=eugene.yu@ymcsolutions.com_PerfectoMobileDriver_15-06-13_01_22_56_17588, password=ymcDemo321!, webdriver.remote.sessionid=fe1dad77-0928-4d8d-9983-4694ee6756af, host=partners.perfectomobile.com, locationContextEnabled=true, browserName=mobileOS, takesScreenshot=true, javascriptEnabled=true, model=Galaxy S5, reportKey=PRIVATE:PerfectoMobileDriver/PerfectoMobileDriver_15-06-13_01_22_56_17588.xml, platformName=Android, user=eugene.yu@ymcsolutions.com, cssSelectorsEnabled=true}]
Session ID: fe1dad77-0928-4d8d-9983-4694ee6756af"
              >
<![CDATA[org.openqa.selenium.WebDriverException: Failed to execute command vnetwork start : Failed to start virtual network _emulation
Command duration or timeout: 646 milliseconds
Build info: version: '2.44.0', revision: '76d78cf323ce037c5f92db6c1bba601c2ac43ad8', time: '2014-10-23 13:11:40'
System info: host: 'Dell-PC', ip: '192.168.252.93', os.name: 'Windows 7', os.arch: 'amd64', os.version: '6.1', java.version: '1.8.0_31'
Driver info: org.openqa.selenium.remote.RemoteWebDriver
Capabilities [{rotatable=true, deviceName=61944835, platform=ANY, executionId=eugene.yu@ymcsolutions.com_PerfectoMobileDriver_15-06-13_01_22_56_17588, password=ymcDemo321!, webdriver.remote.sessionid=fe1dad77-0928-4d8d-9983-4694ee6756af, host=partners.perfectomobile.com, locationContextEnabled=true, browserName=mobileOS, takesScreenshot=true, javascriptEnabled=true, model=Galaxy S5, reportKey=PRIVATE:PerfectoMobileDriver/PerfectoMobileDriver_15-06-13_01_22_56_17588.xml, platformName=Android, user=eugene.yu@ymcsolutions.com, cssSelectorsEnabled=true}]
Session ID: fe1dad77-0928-4d8d-9983-4694ee6756af
  sun.reflect.NativeConstructorAccessorImpl.newInstance0(Native Method)
  sun.reflect.NativeConstructorAccessorImpl.newInstance(NativeConstructorAccessorImpl.java:62)
  sun.reflect.DelegatingConstructorAccessorImpl.newInstance(DelegatingConstructorAccessorImpl.java:45)
  java.lang.reflect.Constructor.newInstance(Constructor.java:408)
  org.openqa.selenium.remote.ErrorHandler.createThrowable(ErrorHandler.java:204)
  org.openqa.selenium.remote.ErrorHandler.throwIfResponseFailed(ErrorHandler.java:156)
  org.openqa.selenium.remote.RemoteWebDriver.execute(RemoteWebDriver.java:599)
  org.openqa.selenium.remote.RemoteWebDriver.executeScript(RemoteWebDriver.java:508)
  utilities.library.startNetworkVirtualization(library.java:82)
  AmazonTesting.AmazonTestSystem.OrderBook(AmazonTestSystem.java:61)
  sun.reflect.NativeMethodAccessorImpl.invoke0(Native Method)
  sun.reflect.NativeMethodAccessorImpl.invoke(NativeMethodAccessorImpl.java:62)
  sun.reflect.DelegatingMethodAccessorImpl.invoke(DelegatingMethodAccessorImpl.java:43)
  java.lang.reflect.Method.invoke(Method.java:483)
  org.testng.internal.MethodInvocationHelper.invokeMethod(MethodInvocationHelper.java:84)
  org.testng.internal.Invoker.invokeMethod(Invoker.java:714)
  org.testng.internal.Invoker.invokeTestMethod(Invoker.java:901)
  org.testng.internal.Invoker.invokeTestMethods(Invoker.java:1231)
  org.testng.internal.TestMethodWorker.invokeTestMethods(TestMethodWorker.java:127)
  org.testng.internal.TestMethodWorker.run(TestMethodWorker.java:111)
  org.testng.TestRunner.privateRun(TestRunner.java:767)
  org.testng.TestRunner.run(TestRunner.java:617)
  org.testng.SuiteRunner.runTest(SuiteRunner.java:348)
  org.testng.SuiteRunner.access$000(SuiteRunner.java:38)
  org.testng.SuiteRunner$SuiteWorker.run(SuiteRunner.java:382)
  org.testng.internal.thread.ThreadUtil$2.call(ThreadUtil.java:64)
  java.util.concurrent.FutureTask.run(FutureTask.java:266)
  java.util.concurrent.ThreadPoolExecutor.runWorker(ThreadPoolExecutor.java:1142)
  java.util.concurrent.ThreadPoolExecutor$Worker.run(ThreadPoolExecutor.java:617)
  java.lang.Thread.run(Thread.java:745)
Caused by: org.openqa.selenium.remote.ScreenshotException: Screen shot has been taken
Build info: version: '2.44.0', revision: '76d78cf323ce037c5f92db6c1bba601c2ac43ad8', time: '2014-10-23 13:11:40'
System info: host: 'Dell-PC', ip: '192.168.252.93', os.name: 'Windows 7', os.arch: 'amd64', os.version: '6.1', java.version: '1.8.0_31'
Driver info: driver.version: RemoteWebDriver
  org.openqa.selenium.remote.ErrorHandler.throwIfResponseFailed(ErrorHandler.java:136)
  org.openqa.selenium.remote.RemoteWebDriver.execute(RemoteWebDriver.java:599)
  org.openqa.selenium.remote.RemoteWebDriver.executeScript(RemoteWebDriver.java:508)
  utilities.library.startNetworkVirtualization(library.java:82)
  AmazonTesting.AmazonTestSystem.OrderBook(AmazonTestSystem.java:61)
  sun.reflect.NativeMethodAccessorImpl.invoke0(Native Method)
  sun.reflect.NativeMethodAccessorImpl.invoke(NativeMethodAccessorImpl.java:62)
  sun.reflect.DelegatingMethodAccessorImpl.invoke(DelegatingMethodAccessorImpl.java:43)
  java.lang.reflect.Method.invoke(Method.java:483)
  org.testng.internal.MethodInvocationHelper.invokeMethod(MethodInvocationHelper.java:84)
  org.testng.internal.Invoker.invokeMethod(Invoker.java:714)
  org.testng.internal.Invoker.invokeTestMethod(Invoker.java:901)
  org.testng.internal.Invoker.invokeTestMethods(Invoker.java:1231)
  org.testng.internal.TestMethodWorker.invokeTestMethods(TestMethodWorker.java:127)
  org.testng.internal.TestMethodWorker.run(TestMethodWorker.java:111)
  org.testng.TestRunner.privateRun(TestRunner.java:767)
  org.testng.TestRunner.run(TestRunner.java:617)
  org.testng.SuiteRunner.runTest(SuiteRunner.java:348)
  org.testng.SuiteRunner.access$000(SuiteRunner.java:38)
  org.testng.SuiteRunner$SuiteWorker.run(SuiteRunner.java:382)
  org.testng.internal.thread.ThreadUtil$2.call(ThreadUtil.java:64)
  java.util.concurrent.FutureTask.run(FutureTask.java:266)
  java.util.concurrent.ThreadPoolExecutor.runWorker(ThreadPoolExecutor.java:1142)
  java.util.concurrent.ThreadPoolExecutor$Worker.run(ThreadPoolExecutor.java:617)
  java.lang.Thread.run(Thread.java:745)
Caused by: com.perfectomobile.httpclient.HttpClientException: Failed to execute command vnetwork start : Failed to start virtual network _emulation
  com.perfectomobile.selenium.MobileEntity.processCommonResponse(MobileEntity.java:95)
  com.perfectomobile.selenium.MobileDevice.processResponse(MobileDevice.java:519)
  com.perfectomobile.selenium.MobileEntity.executeDataCommand(MobileEntity.java:72)
  com.perfectomobile.selenium.MobileEntity.executeDataCommand(MobileEntity.java:64)
  com.perfectomobile.selenium.MobileDevice.executeGenericCommand(MobileDevice.java:596)
  com.perfectomobile.selenium.MobileDevice.executeGenericCommand(MobileDevice.java:84)
  com.perfectomobile.selenium.server.PerfectoMobileDriver.executeGenericCommand(PerfectoMobileDriver.java:327)
  com.perfectomobile.selenium.server.PerfectoMobileDriver.executeGenericCommand(PerfectoMobileDriver.java:310)
  com.perfectomobile.selenium.server.PerfectoMobileDriver.executeScript(PerfectoMobileDriver.java:290)
  sun.reflect.GeneratedMethodAccessor5446.invoke(Unknown Source)
  sun.reflect.DelegatingMethodAccessorImpl.invoke(DelegatingMethodAccessorImpl.java:43)
  java.lang.reflect.Method.invoke(Method.java:606)
  org.openqa.selenium.support.events.EventFiringWebDriver$2.invoke(EventFiringWebDriver.java:101)
  com.sun.proxy.$Proxy220.executeScript(Unknown Source)
  org.openqa.selenium.support.events.EventFiringWebDriver.executeScript(EventFiringWebDriver.java:213)
  org.openqa.selenium.remote.server.handler.ExecuteScript.call(ExecuteScript.java:53)
  java.util.concurrent.FutureTask.run(FutureTask.java:262)
  org.openqa.selenium.remote.server.DefaultSession$1.run(DefaultSession.java:168)
  java.util.concurrent.ThreadPoolExecutor.runWorker(ThreadPoolExecutor.java:1145)
  java.util.concurrent.ThreadPoolExecutor$Worker.run(ThreadPoolExecutor.java:615)
  java.lang.Thread.run(Thread.java:744)
]]>
      </failure>

          </testcase>
  
  
  
</testsuite>
