<?xml version="1.0" encoding="UTF-8"?>
<!-- Generated by org.testng.reporters.JUnitXMLReporter -->
<testsuite hostname="Dell-PC" name="CI Certificate: WF - Internet Explorer 11" tests="5" failures="0" timestamp="5 Jun 2015 15:43:15 GMT" time="18.337" errors="0">
  <testcase name="changeNetwork" time="0.049" classname="test.MainTestWF"/>
  <testcase name="openHomepage" time="5.638" classname="test.MainTestWF"/>
  <testcase name="selectSignonOption" time="0.86" classname="test.MainTestWF"/>
  <testcase name="verifySignin" time="2.053" classname="test.MainTestWF"/>
  <testcase name="testTearDown" time="1.212" classname="test.MainTestWF"/>
</testsuite> <!-- CI Certificate: WF - Internet Explorer 11 -->
