<?xml version="1.0" encoding="UTF-8"?>
<!-- Generated by org.testng.reporters.JUnitXMLReporter -->
<testsuite hostname="Dell-PC" name="CI Certificate: WF - Android" tests="5" failures="0" timestamp="9 Jun 2015 00:01:13 GMT" time="68.488" errors="0">
  <testcase name="changeNetwork" time="0.002" classname="test.MainTestWF"/>
  <testcase name="openHomepage" time="8.922" classname="test.MainTestWF"/>
  <testcase name="selectSignonOption" time="9.86" classname="test.MainTestWF"/>
  <testcase name="verifySignin" time="5.135" classname="test.MainTestWF"/>
  <testcase name="testTearDown" time="26.454" classname="test.MainTestWF"/>
</testsuite> <!-- CI Certificate: WF - Android -->
