<?xml version="1.0" encoding="UTF-8"?>
<!-- Generated by org.testng.reporters.JUnitXMLReporter -->
<testsuite hostname="Dell-PC" name="CI Certificate: WF - Chrome" tests="5" failures="0" timestamp="9 Jun 2015 00:00:22 GMT" time="17.633" errors="0">
  <testcase name="changeNetwork" time="0.023" classname="test.MainTestWF"/>
  <testcase name="openHomepage" time="5.421" classname="test.MainTestWF"/>
  <testcase name="selectSignonOption" time="0.404" classname="test.MainTestWF"/>
  <testcase name="verifySignin" time="1.095" classname="test.MainTestWF"/>
  <testcase name="testTearDown" time="2.411" classname="test.MainTestWF"/>
</testsuite> <!-- CI Certificate: WF - Chrome -->
