<?xml version="1.0" encoding="UTF-8"?>
<!-- Generated by org.testng.reporters.JUnitXMLReporter -->
<testsuite hostname="Dell-PC" name="CI Certificate: WF - Apple iOS" tests="5" failures="0" timestamp="5 Jun 2015 15:44:59 GMT" time="101.476" errors="0">
  <testcase name="changeNetwork" time="0.002" classname="test.MainTestWF"/>
  <testcase name="openHomepage" time="16.32" classname="test.MainTestWF"/>
  <testcase name="selectSignonOption" time="8.154" classname="test.MainTestWF"/>
  <testcase name="verifySignin" time="4.427" classname="test.MainTestWF"/>
  <testcase name="testTearDown" time="28.354" classname="test.MainTestWF"/>
</testsuite> <!-- CI Certificate: WF - Apple iOS -->
